# JRE version: OpenJDK Runtime Environment (8.0_212-b04) (build 1.8.0_212-release-1586-b04)
# Java VM: OpenJDK 64-Bit Server VM (25.212-b04 mixed mode windows-amd64 compressed oops)
Heap:
 PSYoungGen      total 336896K, used 247948K [0x00000000e0000000, 0x00000000f6900000, 0x0000000100000000)
  eden space 316928K, 71% used [0x00000000e0000000,0x00000000edebcdf8,0x00000000f3580000)
  from space 19968K, 99% used [0x00000000f5580000,0x00000000f68e6588,0x00000000f6900000)
  to   space 24576K, 0% used [0x00000000f3900000,0x00000000f3900000,0x00000000f5100000)
 ParOldGen       total 100864K, used 53630K [0x00000000a0000000, 0x00000000a6280000, 0x00000000e0000000)
  object space 100864K, 53% used [0x00000000a0000000,0x00000000a345f838,0x00000000a6280000)
 Metaspace       used 87608K, capacity 91528K, committed 91800K, reserved 1128448K
  class space    used 11633K, capacity 12380K, committed 12440K, reserved 1048576K
GC Heap History (10 events):
Event: 13.274 GC heap before
{Heap before GC invocations=13 (full 2):
 PSYoungGen      total 194560K, used 181760K [0x00000000e0000000, 0x00000000ece80000, 0x0000000100000000)
  eden space 181760K, 100% used [0x00000000e0000000,0x00000000eb180000,0x00000000eb180000)
  from space 12800K, 0% used [0x00000000ebe00000,0x00000000ebe00000,0x00000000eca80000)
  to   space 12800K, 0% used [0x00000000eb180000,0x00000000eb180000,0x00000000ebe00000)
 ParOldGen       total 64000K, used 15070K [0x00000000a0000000, 0x00000000a3e80000, 0x00000000e0000000)
  object space 64000K, 23% used [0x00000000a0000000,0x00000000a0eb7b70,0x00000000a3e80000)
 Metaspace       used 52036K, capacity 53608K, committed 53928K, reserved 1095680K
  class space    used 7123K, capacity 7489K, committed 7592K, reserved 1048576K
Event: 13.303 GC heap after
Heap after GC invocations=13 (full 2):
 PSYoungGen      total 194560K, used 12772K [0x00000000e0000000, 0x00000000f1b80000, 0x0000000100000000)
  eden space 181760K, 0% used [0x00000000e0000000,0x00000000e0000000,0x00000000eb180000)
  from space 12800K, 99% used [0x00000000eb180000,0x00000000ebdf9120,0x00000000ebe00000)
  to   space 17920K, 0% used [0x00000000f0a00000,0x00000000f0a00000,0x00000000f1b80000)
 ParOldGen       total 64000K, used 25002K [0x00000000a0000000, 0x00000000a3e80000, 0x00000000e0000000)
  object space 64000K, 39% used [0x00000000a0000000,0x00000000a186aa30,0x00000000a3e80000)
 Metaspace       used 52036K, capacity 53608K, committed 53928K, reserved 1095680K
  class space    used 7123K, capacity 7489K, committed 7592K, reserved 1048576K
}
Event: 14.851 GC heap before
{Heap before GC invocations=14 (full 2):
 PSYoungGen      total 194560K, used 92645K [0x00000000e0000000, 0x00000000f1b80000, 0x0000000100000000)
  eden space 181760K, 43% used [0x00000000e0000000,0x00000000e4e00418,0x00000000eb180000)
  from space 12800K, 99% used [0x00000000eb180000,0x00000000ebdf9120,0x00000000ebe00000)
  to   space 17920K, 0% used [0x00000000f0a00000,0x00000000f0a00000,0x00000000f1b80000)
 ParOldGen       total 64000K, used 25002K [0x00000000a0000000, 0x00000000a3e80000, 0x00000000e0000000)
  object space 64000K, 39% used [0x00000000a0000000,0x00000000a186aa30,0x00000000a3e80000)
 Metaspace       used 57160K, capacity 59068K, committed 59160K, reserved 1099776K
  class space    used 7911K, capacity 8380K, committed 8472K, reserved 1048576K
Event: 14.889 GC heap after
Heap after GC invocations=14 (full 2):
 PSYoungGen      total 266240K, used 8723K [0x00000000e0000000, 0x00000000f1800000, 0x0000000100000000)
  eden space 251904K, 0% used [0x00000000e0000000,0x00000000e0000000,0x00000000ef600000)
  from space 14336K, 60% used [0x00000000f0a00000,0x00000000f1284e78,0x00000000f1800000)
  to   space 17408K, 0% used [0x00000000ef600000,0x00000000ef600000,0x00000000f0700000)
 ParOldGen       total 64000K, used 35923K [0x00000000a0000000, 0x00000000a3e80000, 0x00000000e0000000)
  object space 64000K, 56% used [0x00000000a0000000,0x00000000a2314e28,0x00000000a3e80000)
 Metaspace       used 57160K, capacity 59068K, committed 59160K, reserved 1099776K
  class space    used 7911K, capacity 8380K, committed 8472K, reserved 1048576K
}
Event: 14.889 GC heap before
{Heap before GC invocations=15 (full 3):
 PSYoungGen      total 266240K, used 8723K [0x00000000e0000000, 0x00000000f1800000, 0x0000000100000000)
  eden space 251904K, 0% used [0x00000000e0000000,0x00000000e0000000,0x00000000ef600000)
  from space 14336K, 60% used [0x00000000f0a00000,0x00000000f1284e78,0x00000000f1800000)
  to   space 17408K, 0% used [0x00000000ef600000,0x00000000ef600000,0x00000000f0700000)
 ParOldGen       total 64000K, used 35923K [0x00000000a0000000, 0x00000000a3e80000, 0x00000000e0000000)
  object space 64000K, 56% used [0x00000000a0000000,0x00000000a2314e28,0x00000000a3e80000)
 Metaspace       used 57160K, capacity 59068K, committed 59160K, reserved 1099776K
  class space    used 7911K, capacity 8380K, committed 8472K, reserved 1048576K
Event: 15.159 GC heap after
Heap after GC invocations=15 (full 3):
 PSYoungGen      total 266240K, used 0K [0x00000000e0000000, 0x00000000f1800000, 0x0000000100000000)
  eden space 251904K, 0% used [0x00000000e0000000,0x00000000e0000000,0x00000000ef600000)
  from space 14336K, 0% used [0x00000000f0a00000,0x00000000f0a00000,0x00000000f1800000)
  to   space 17408K, 0% used [0x00000000ef600000,0x00000000ef600000,0x00000000f0700000)
 ParOldGen       total 100864K, used 33570K [0x00000000a0000000, 0x00000000a6280000, 0x00000000e0000000)
  object space 100864K, 33% used [0x00000000a0000000,0x00000000a20c8ad8,0x00000000a6280000)
 Metaspace       used 57117K, capacity 58962K, committed 59160K, reserved 1099776K
  class space    used 7896K, capacity 8353K, committed 8472K, reserved 1048576K
}
Event: 22.201 GC heap before
{Heap before GC invocations=16 (full 3):
 PSYoungGen      total 266240K, used 251904K [0x00000000e0000000, 0x00000000f1800000, 0x0000000100000000)
  eden space 251904K, 100% used [0x00000000e0000000,0x00000000ef600000,0x00000000ef600000)
  from space 14336K, 0% used [0x00000000f0a00000,0x00000000f0a00000,0x00000000f1800000)
  to   space 17408K, 0% used [0x00000000ef600000,0x00000000ef600000,0x00000000f0700000)
 ParOldGen       total 100864K, used 33570K [0x00000000a0000000, 0x00000000a6280000, 0x00000000e0000000)
  object space 100864K, 33% used [0x00000000a0000000,0x00000000a20c8ad8,0x00000000a6280000)
 Metaspace       used 69078K, capacity 71376K, committed 71576K, reserved 1112064K
  class space    used 9361K, capacity 9864K, committed 9880K, reserved 1048576K
Event: 22.279 GC heap after
Heap after GC invocations=16 (full 3):
 PSYoungGen      total 269312K, used 17378K [0x00000000e0000000, 0x00000000f6b80000, 0x0000000100000000)
  eden space 251904K, 0% used [0x00000000e0000000,0x00000000e0000000,0x00000000ef600000)
  from space 17408K, 99% used [0x00000000ef600000,0x00000000f06f8a60,0x00000000f0700000)
  to   space 22528K, 0% used [0x00000000f5580000,0x00000000f5580000,0x00000000f6b80000)
 ParOldGen       total 100864K, used 40615K [0x00000000a0000000, 0x00000000a6280000, 0x00000000e0000000)
  object space 100864K, 40% used [0x00000000a0000000,0x00000000a27a9f60,0x00000000a6280000)
 Metaspace       used 69078K, capacity 71376K, committed 71576K, reserved 1112064K
  class space    used 9361K, capacity 9864K, committed 9880K, reserved 1048576K
}
Event: 83.668 GC heap before
{Heap before GC invocations=17 (full 3):
 PSYoungGen      total 269312K, used 269282K [0x00000000e0000000, 0x00000000f6b80000, 0x0000000100000000)
  eden space 251904K, 100% used [0x00000000e0000000,0x00000000ef600000,0x00000000ef600000)
  from space 17408K, 99% used [0x00000000ef600000,0x00000000f06f8a60,0x00000000f0700000)
  to   space 22528K, 0% used [0x00000000f5580000,0x00000000f5580000,0x00000000f6b80000)
 ParOldGen       total 100864K, used 40615K [0x00000000a0000000, 0x00000000a6280000, 0x00000000e0000000)
  object space 100864K, 40% used [0x00000000a0000000,0x00000000a27a9f60,0x00000000a6280000)
 Metaspace       used 85388K, capacity 88966K, committed 89240K, reserved 1126400K
  class space    used 11469K, capacity 12149K, committed 12184K, reserved 1048576K
Event: 83.746 GC heap after
Heap after GC invocations=17 (full 3):
 PSYoungGen      total 336896K, used 19865K [0x00000000e0000000, 0x00000000f6900000, 0x0000000100000000)
  eden space 316928K, 0% used [0x00000000e0000000,0x00000000e0000000,0x00000000f3580000)
  from space 19968K, 99% used [0x00000000f5580000,0x00000000f68e6588,0x00000000f6900000)
  to   space 24576K, 0% used [0x00000000f3900000,0x00000000f3900000,0x00000000f5100000)
 ParOldGen       total 100864K, used 53630K [0x00000000a0000000, 0x00000000a6280000, 0x00000000e0000000)
  object space 100864K, 53% used [0x00000000a0000000,0x00000000a345f838,0x00000000a6280000)
 Metaspace       used 85388K, capacity 88966K, committed 89240K, reserved 1126400K
  class space    used 11469K, capacity 12149K, committed 12184K, reserved 1048576K
}

